\BOOKMARK [1][-]{section.1}{\376\377\151\202\217\360}{}% 1
\BOOKMARK [2][-]{subsection.1.1}{\376\377\116\343\170\001\176\323\147\204}{section.1}% 2
\BOOKMARK [2][-]{subsection.1.2}{\376\377\156\070\142\017\176\323\147\204}{section.1}% 3
\BOOKMARK [2][-]{subsection.1.3}{\376\377\156\070\142\017\116\073\211\201\122\237\200\375}{section.1}% 4
\BOOKMARK [1][-]{section.2}{\376\377\124\004\145\207\116\366\121\205\133\271\143\317\217\360}{}% 5
\BOOKMARK [2][-]{subsection.2.1}{\376\377\165\114\227\142}{section.2}% 6
\BOOKMARK [3][-]{subsubsection.2.1.1}{\376\377\000M\000e\000n\000u\000.\000h\000,\000\040\000M\000e\000n\000u\000.\000c\000p\000p}{subsection.2.1}% 7
\BOOKMARK [3][-]{subsubsection.2.1.2}{\376\377\000G\000a\000m\000e\000R\000e\000v\000i\000e\000w\000,\000\040\000L\000e\000v\000e\000l\000R\000e\000v\000i\000e\000w}{subsection.2.1}% 8
\BOOKMARK [3][-]{subsubsection.2.1.3}{\376\377\000L\000e\000v\000e\000l\000C\000h\000o\000o\000s\000e\000.\000h\000,\000\040\000L\000e\000v\000e\000l\000C\000h\000o\000o\000s\000e\000.\000c\000p\000p}{subsection.2.1}% 9
\BOOKMARK [3][-]{subsubsection.2.1.4}{\376\377\000R\000u\000l\000e\000,\000\040\000R\000a\000n\000k\000i\000n\000g}{subsection.2.1}% 10
\BOOKMARK [3][-]{subsubsection.2.1.5}{\376\377\000B\000a\000t\000t\000l\000e\000F\000i\000e\000l\000d\000.\000h}{subsection.2.1}% 11
\BOOKMARK [2][-]{subsection.2.2}{\376\377\150\070\137\303}{section.2}% 12
\BOOKMARK [3][-]{subsubsection.2.2.1}{\376\377\000\137\000E\000f\000f\000e\000c\000t\000.\000h}{subsection.2.2}% 13
\BOOKMARK [3][-]{subsubsection.2.2.2}{\376\377\000\137\000E\000n\000t\000i\000t\000y\000.\000h}{subsection.2.2}% 14
\BOOKMARK [3][-]{subsubsection.2.2.3}{\376\377\000P\000l\000a\000y\000e\000r\000P\000l\000a\000n\000e\000.\000h\000,\000\040\000E\000n\000e\000m\000y\000P\000l\000a\000n\000e\000.\000h\000,\000\040\000B\000o\000s\000s\000P\000l\000a\000n\000e\000.\000h\000\050\000L\000a\000s\000e\000r\000.\000h\000\051}{subsection.2.2}% 15
\BOOKMARK [3][-]{subsubsection.2.2.4}{\376\377\000B\000o\000n\000u\000s\000.\000h\000,\000\040\000M\000i\000s\000s\000i\000l\000e\000.\000h}{subsection.2.2}% 16
\BOOKMARK [3][-]{subsubsection.2.2.5}{\376\377\000E\000x\000p\000l\000o\000s\000i\000o\000n\000E\000f\000f\000e\000c\000t\000.\000h\000,\000\040\000T\000a\000r\000g\000e\000t\000E\000f\000f\000e\000c\000t\000.\000h}{subsection.2.2}% 17
\BOOKMARK [3][-]{subsubsection.2.2.6}{\376\377\000B\000a\000c\000k\000g\000r\000o\000u\000n\000d\000M\000u\000s\000i\000c\000.\000h}{subsection.2.2}% 18
\BOOKMARK [3][-]{subsubsection.2.2.7}{\376\377\000E\000n\000e\000m\000y\000G\000e\000n\000e\000r\000a\000t\000o\000r\000.\000h\000,\000\040\000G\000e\000n\000e\000r\000a\000t\000o\000r\000.\000h}{subsection.2.2}% 19
\BOOKMARK [1][-]{section.3}{\376\377\134\017\176\304\122\006\135\345}{}% 20
\BOOKMARK [1][-]{section.4}{\376\377\230\171\166\356\140\073\176\323\116\016\123\315\140\035}{}% 21
